app-index.js:31 Warning: validateDOMNesting(...): <div> cannot appear as a descendant of <p>.
    at div
    at p
    at div
    at div
    at div
    at main
    at Suspense
    at LoadingBoundary (webpack-internal:///(app-pages-browser)/./node_modules/next/dist/client/components/layout-router.js:338:11)
    at ErrorBoundary (webpack-internal:///(app-pages-browser)/./node_modules/next/dist/client/components/error-boundary.js:130:11)
    at InnerScrollAndFocusHandler (webpack-internal:///(app-pages-browser)/./node_modules/next/dist/client/components/layout-router.js:152:9)
    at ScrollAndFocusHandler (webpack-internal:///(app-pages-browser)/./node_modules/next/dist/client/components/layout-router.js:227:11)
    at RenderFromTemplateContext (webpack-internal:///(app-pages-browser)/./node_modules/next/dist/client/components/render-from-template-context.js:15:44)
    at OuterLayoutRouter (webpack-internal:///(app-pages-browser)/./node_modules/next/dist/client/components/layout-router.js:348:11)
    at InnerLayoutRouter (webpack-internal:///(app-pages-browser)/./node_modules/next/dist/client/components/layout-router.js:241:11)
    at RedirectErrorBoundary (webpack-internal:///(app-pages-browser)/./node_modules/next/dist/client/components/redirect-boundary.js:72:9)
    at RedirectBoundary (webpack-internal:///(app-pages-browser)/./node_modules/next/dist/client/components/redirect-boundary.js:80:11)
    at NotFoundErrorBoundary (webpack-internal:///(app-pages-browser)/./node_modules/next/dist/client/components/not-found-boundary.js:54:9)
    at NotFoundBoundary (webpack-internal:///(app-pages-browser)/./node_modules/next/dist/client/components/not-found-boundary.js:62:11)
    at Suspense
    at LoadingBoundary (webpack-internal:///(app-pages-browser)/./node_modules/next/dist/client/components/layout-router.js:338:11)
    at ErrorBoundary (webpack-internal:///(app-pages-browser)/./node_modules/next/dist/client/components/error-boundary.js:130:11)
    at InnerScrollAndFocusHandler (webpack-internal:///(app-pages-browser)/./node_modules/next/dist/client/components/layout-router.js:152:9)
    at ScrollAndFocusHandler (webpack-internal:///(app-pages-browser)/./node_modules/next/dist/client/components/layout-router.js:227:11)
    at RenderFromTemplateContext (webpack-internal:///(app-pages-browser)/./node_modules/next/dist/client/components/render-from-template-context.js:15:44)
    at OuterLayoutRouter (webpack-internal:///(app-pages-browser)/./node_modules/next/dist/client/components/layout-router.js:348:11)
    at f (webpack-internal:///(app-pages-browser)/./node_modules/next-themes/dist/index.module.js:8:597)
    at $ (webpack-internal:///(app-pages-browser)/./node_modules/next-themes/dist/index.module.js:8:348)
    at ThemeProvider (webpack-internal:///(app-pages-browser)/./src/components/ThemeProvider.tsx:13:11)
    at body
    at html
    at RedirectErrorBoundary (webpack-internal:///(app-pages-browser)/./node_modules/next/dist/client/components/redirect-boundary.js:72:9)
    at RedirectBoundary (webpack-internal:///(app-pages-browser)/./node_modules/next/dist/client/components/redirect-boundary.js:80:11)
    at NotFoundErrorBoundary (webpack-internal:///(app-pages-browser)/./node_modules/next/dist/client/components/not-found-boundary.js:54:9)
    at NotFoundBoundary (webpack-internal:///(app-pages-browser)/./node_modules/next/dist/client/components/not-found-boundary.js:62:11)
    at DevRootNotFoundBoundary (webpack-internal:///(app-pages-browser)/./node_modules/next/dist/client/components/dev-root-not-found-boundary.js:32:11)
    at ReactDevOverlay (webpack-internal:///(app-pages-browser)/./node_modules/next/dist/client/components/react-dev-overlay/internal/ReactDevOverlay.js:66:9)
    at HotReload (webpack-internal:///(app-pages-browser)/./node_modules/next/dist/client/components/react-dev-overlay/hot-reloader-client.js:297:11)
    at Router (webpack-internal:///(app-pages-browser)/./node_modules/next/dist/client/components/app-router.js:158:11)
    at ErrorBoundaryHandler (webpack-internal:///(app-pages-browser)/./node_modules/next/dist/client/components/error-boundary.js:100:9)
    at ErrorBoundary (webpack-internal:///(app-pages-browser)/./node_modules/next/dist/client/components/error-boundary.js:130:11)
    at AppRouter (webpack-internal:///(app-pages-browser)/./node_modules/next/dist/client/components/app-router.js:441:13)
    at ServerRoot (webpack-internal:///(app-pages-browser)/./node_modules/next/dist/client/app-index.js:127:11)
    at RSCComponent
    at Root (webpack-internal:///(app-pages-browser)/./node_modules/next/dist/client/app-index.js:143:11)
window.console.error        @ app-index.js:31
console.error               @ hydration-error-info.js:45
overrideMethod              @ console.js:213
printWarning                @ react-dom.development.js:94
error                       @ react-dom.development.js:68
validateDOMNesting          @ react-dom.development.js:4229
createInstance              @ react-dom.development.js:35112
completeWork                @ react-dom.development.js:19585
completeUnitOfWork          @ react-dom.development.js:25699
performUnitOfWork           @ react-dom.development.js:25504
workLoopConcurrent          @ react-dom.development.js:25479
renderRootConcurrent        @ react-dom.development.js:25435
performConcurrentWorkOnRoot @ react-dom.development.js:24288
workLoop                    @ scheduler.development.js:261
flushWork                   @ scheduler.development.js:230
performWorkUntilDeadline    @ scheduler.development.js:534

    Occurs when loading /teams or /players
    
    <div> cannot appear as a descendant of <p>
    https://stackoverflow.com/questions/41928567/div-cannot-appear-as-a-descendant-of-p

    Tooltip inside a <p></p> results in a warning #210
    https://github.com/ReactTooltip/react-tooltip/issues/210