Reload page:
PlayersStatisticsDataTable.tsx:119  PlayersStatisticsDataTable...
installHook.js:1                    PlayersStatisticsDataTable...
PlayersStatisticsDataTable.tsx:82   SelectMaxCost...
installHook.js:1                    SelectMaxCost...
PlayersStatisticsDataTable.tsx:143  mounted PlayersStatisticsDataTable
PlayersStatisticsDataTable.tsx:144  un-mounted PlayersStatisticsDataTable
PlayersStatisticsDataTable.tsx:143  mounted PlayersStatisticsDataTable

Use the Viewed by Select:
PlayersStatisticsDataTable.tsx:187  setViewedBy...
PlayersStatisticsDataTable.tsx:119  PlayersStatisticsDataTable...
installHook.js:1                    PlayersStatisticsDataTable...
PlayersStatisticsDataTable.tsx:82   SelectMaxCost...
installHook.js:1                    SelectMaxCost...
PlayersStatisticsDataTable.tsx:144  un-mounted PlayersStatisticsDataTable
PlayersStatisticsDataTable.tsx:143  mounted PlayersStatisticsDataTable
PlayersStatisticsDataTable.tsx:119  PlayersStatisticsDataTable...
installHook.js:1                    PlayersStatisticsDataTable...
PlayersStatisticsDataTable.tsx:82   SelectMaxCost...
installHook.js:1                    SelectMaxCost...
PlayersStatisticsDataTable.tsx:144  un-mounted PlayersStatisticsDataTable
PlayersStatisticsDataTable.tsx:143  mounted PlayersStatisticsDataTable
